
Log message 1
Log message 2
Log message 3
Log message 1
Log message 2
Log message 3
User barsam logged in successfullySucces
Succes
Success
Success
Log updated every 5 seconds.
Log updated every 5 seconds.
Log updated every 5 seconds.
Log updated every 5 seconds.
Log updated every 5 seconds.
Log updated every 5 seconds.
Log updated every 5 seconds.
Log updated every 5 seconds.
Log updated every 5 seconds.
SuccesInvalid username or passwordInvalid username or password
Invalid username or password
Invalid username or password {github_username}
Invalid username or password {username}
Invalid username or password aads
Succesfull Login User: barsam
Succesfull Login User: barsam
Succesfull Login User: barsamNew employee ('I002',) fired successfully.
Succesfull Login User: barsam
Invalid username or password barsamasdasNew employee Barsam Bahrami hired successfully.
The employee ('I088',) fired successfully.
The employee ('I0D3',) fired successfully.New employee va hired successfully.
The employee ('I176',) fired successfully.
Succesfull Login User: barsam
Succesfull Login User: barsamNew employee ss hired successfully.
The employee ('I04D',) fired successfully.
The employee ('I099',) fired successfully.
Succesfull Login User: barsam
The employee ('I002',) firing process started...New employee Barsam hired successfully.
The employee ('I097',) firing process started...
Succesfull Login User: barsam
Succesfull Login User: barsam
Succesfull Login User: barsam